At stage 0 have 152 valid boards
Example:  Board (2): [Tile (7c9b9a93-0794-4fb8-bd9c-2760c2f94717): [0, 1, 5, 4], Tile (5faa7252-144e-41a5-aa82-821d40c9e912): [2, 1, 4, 7]]
At stage 1 have 558 valid boards
Example:  Board (3): [Tile (da5304b8-9040-4028-b12a-40c84b12d8fe): [3, 0, 5, 6], Tile (5faa7252-144e-41a5-aa82-821d40c9e912): [2, 1, 4, 7], Tile (f3bd4b90-9af7-4917-b437-3a357f653eec): [3, 5, 7, 1]]
At stage 2 have 1784 valid boards
Example:  Board (4): [Tile (00530403-0415-4000-8cc9-d955a8f32a3f): [2, 4, 6, 0], Tile (f3bd4b90-9af7-4917-b437-3a357f653eec): [1, 3, 5, 7], Tile (b8a7ae6b-b4b1-45e5-bc3e-7831ee21f902): [2, 0, 4, 6], Tile (2a678426-a2bd-4307-8d33-dea967910171): [4, 7, 3, 1]]
At stage 3 have 894 valid boards
Example:  Board (5): [Tile (da5304b8-9040-4028-b12a-40c84b12d8fe): [6, 3, 0, 5], Tile (2a678426-a2bd-4307-8d33-dea967910171): [7, 3, 1, 4], Tile (b8a7ae6b-b4b1-45e5-bc3e-7831ee21f902): [6, 2, 0, 4], Tile (5faa7252-144e-41a5-aa82-821d40c9e912): [7, 2, 1, 4], Tile (5168901d-2102-47aa-bb4c-8176b9ef1bf8): [6, 3, 0, 5]]
At stage 4 have 362 valid boards
Example:  Board (6): [Tile (2a678426-a2bd-4307-8d33-dea967910171): [7, 3, 1, 4], Tile (da5304b8-9040-4028-b12a-40c84b12d8fe): [6, 3, 0, 5], Tile (f3bd4b90-9af7-4917-b437-3a357f653eec): [7, 1, 3, 5], Tile (5168901d-2102-47aa-bb4c-8176b9ef1bf8): [6, 3, 0, 5], Tile (5faa7252-144e-41a5-aa82-821d40c9e912): [7, 2, 1, 4], Tile (f3a7eed9-8043-4ed4-91f3-098185ae543d): [6, 2, 0, 5]]
At stage 5 have 571 valid boards
Example:  Board (7): [Tile (f3bd4b90-9af7-4917-b437-3a357f653eec): [1, 3, 5, 7], Tile (b8a7ae6b-b4b1-45e5-bc3e-7831ee21f902): [2, 0, 4, 6], Tile (da5304b8-9040-4028-b12a-40c84b12d8fe): [3, 0, 5, 6], Tile (5168901d-2102-47aa-bb4c-8176b9ef1bf8): [3, 0, 5, 6], Tile (5faa7252-144e-41a5-aa82-821d40c9e912): [2, 1, 4, 7], Tile (2a678426-a2bd-4307-8d33-dea967910171): [3, 1, 4, 7], Tile (7c9b9a93-0794-4fb8-bd9c-2760c2f94717): [0, 1, 5, 4]]
At stage 6 have 140 valid boards
Example:  Board (8): [Tile (b8a7ae6b-b4b1-45e5-bc3e-7831ee21f902): [4, 6, 2, 0], Tile (f3bd4b90-9af7-4917-b437-3a357f653eec): [5, 7, 1, 3], Tile (00530403-0415-4000-8cc9-d955a8f32a3f): [6, 0, 2, 4], Tile (5faa7252-144e-41a5-aa82-821d40c9e912): [4, 7, 2, 1], Tile (7c9b9a93-0794-4fb8-bd9c-2760c2f94717): [5, 4, 0, 1], Tile (2a678426-a2bd-4307-8d33-dea967910171): [7, 3, 1, 4], Tile (f3a7eed9-8043-4ed4-91f3-098185ae543d): [5, 6, 2, 0], Tile (5168901d-2102-47aa-bb4c-8176b9ef1bf8): [5, 6, 3, 0]]
At stage 7 have 8 valid boards
Example:  Board (9): [Tile (00530403-0415-4000-8cc9-d955a8f32a3f): [0, 2, 4, 6], Tile (da5304b8-9040-4028-b12a-40c84b12d8fe): [3, 0, 5, 6], Tile (f3a7eed9-8043-4ed4-91f3-098185ae543d): [2, 0, 5, 6], Tile (7c9b9a93-0794-4fb8-bd9c-2760c2f94717): [0, 1, 5, 4], Tile (5faa7252-144e-41a5-aa82-821d40c9e912): [2, 1, 4, 7], Tile (2a678426-a2bd-4307-8d33-dea967910171): [3, 1, 4, 7], Tile (f3bd4b90-9af7-4917-b437-3a357f653eec): [1, 3, 5, 7], Tile (b8a7ae6b-b4b1-45e5-bc3e-7831ee21f902): [2, 0, 4, 6], Tile (5168901d-2102-47aa-bb4c-8176b9ef1bf8): [3, 0, 5, 6]]
!! ANSWERS
==========
Board (9): [Tile (00530403-0415-4000-8cc9-d955a8f32a3f): [0, 2, 4, 6], Tile (da5304b8-9040-4028-b12a-40c84b12d8fe): [3, 0, 5, 6], Tile (f3a7eed9-8043-4ed4-91f3-098185ae543d): [2, 0, 5, 6], Tile (7c9b9a93-0794-4fb8-bd9c-2760c2f94717): [0, 1, 5, 4], Tile (5faa7252-144e-41a5-aa82-821d40c9e912): [2, 1, 4, 7], Tile (2a678426-a2bd-4307-8d33-dea967910171): [3, 1, 4, 7], Tile (f3bd4b90-9af7-4917-b437-3a357f653eec): [1, 3, 5, 7], Tile (b8a7ae6b-b4b1-45e5-bc3e-7831ee21f902): [2, 0, 4, 6], Tile (5168901d-2102-47aa-bb4c-8176b9ef1bf8): [3, 0, 5, 6]]
Board (9): [Tile (da5304b8-9040-4028-b12a-40c84b12d8fe): [5, 6, 3, 0], Tile (b8a7ae6b-b4b1-45e5-bc3e-7831ee21f902): [4, 6, 2, 0], Tile (f3bd4b90-9af7-4917-b437-3a357f653eec): [5, 7, 1, 3], Tile (2a678426-a2bd-4307-8d33-dea967910171): [4, 7, 3, 1], Tile (5faa7252-144e-41a5-aa82-821d40c9e912): [4, 7, 2, 1], Tile (7c9b9a93-0794-4fb8-bd9c-2760c2f94717): [5, 4, 0, 1], Tile (f3a7eed9-8043-4ed4-91f3-098185ae543d): [5, 6, 2, 0], Tile (5168901d-2102-47aa-bb4c-8176b9ef1bf8): [5, 6, 3, 0], Tile (00530403-0415-4000-8cc9-d955a8f32a3f): [4, 6, 0, 2]]
Board (9): [Tile (f3a7eed9-8043-4ed4-91f3-098185ae543d): [0, 5, 6, 2], Tile (2a678426-a2bd-4307-8d33-dea967910171): [1, 4, 7, 3], Tile (5168901d-2102-47aa-bb4c-8176b9ef1bf8): [0, 5, 6, 3], Tile (da5304b8-9040-4028-b12a-40c84b12d8fe): [0, 5, 6, 3], Tile (5faa7252-144e-41a5-aa82-821d40c9e912): [1, 4, 7, 2], Tile (b8a7ae6b-b4b1-45e5-bc3e-7831ee21f902): [0, 4, 6, 2], Tile (00530403-0415-4000-8cc9-d955a8f32a3f): [2, 4, 6, 0], Tile (7c9b9a93-0794-4fb8-bd9c-2760c2f94717): [1, 5, 4, 0], Tile (f3bd4b90-9af7-4917-b437-3a357f653eec): [3, 5, 7, 1]]
Board (9): [Tile (f3a7eed9-8043-4ed4-91f3-098185ae543d): [0, 5, 6, 2], Tile (2a678426-a2bd-4307-8d33-dea967910171): [1, 4, 7, 3], Tile (da5304b8-9040-4028-b12a-40c84b12d8fe): [0, 5, 6, 3], Tile (5168901d-2102-47aa-bb4c-8176b9ef1bf8): [0, 5, 6, 3], Tile (5faa7252-144e-41a5-aa82-821d40c9e912): [1, 4, 7, 2], Tile (b8a7ae6b-b4b1-45e5-bc3e-7831ee21f902): [0, 4, 6, 2], Tile (00530403-0415-4000-8cc9-d955a8f32a3f): [2, 4, 6, 0], Tile (7c9b9a93-0794-4fb8-bd9c-2760c2f94717): [1, 5, 4, 0], Tile (f3bd4b90-9af7-4917-b437-3a357f653eec): [3, 5, 7, 1]]
Board (9): [Tile (f3bd4b90-9af7-4917-b437-3a357f653eec): [7, 1, 3, 5], Tile (7c9b9a93-0794-4fb8-bd9c-2760c2f94717): [4, 0, 1, 5], Tile (00530403-0415-4000-8cc9-d955a8f32a3f): [6, 0, 2, 4], Tile (b8a7ae6b-b4b1-45e5-bc3e-7831ee21f902): [6, 2, 0, 4], Tile (5faa7252-144e-41a5-aa82-821d40c9e912): [7, 2, 1, 4], Tile (5168901d-2102-47aa-bb4c-8176b9ef1bf8): [6, 3, 0, 5], Tile (da5304b8-9040-4028-b12a-40c84b12d8fe): [6, 3, 0, 5], Tile (2a678426-a2bd-4307-8d33-dea967910171): [7, 3, 1, 4], Tile (f3a7eed9-8043-4ed4-91f3-098185ae543d): [6, 2, 0, 5]]
Board (9): [Tile (f3bd4b90-9af7-4917-b437-3a357f653eec): [7, 1, 3, 5], Tile (7c9b9a93-0794-4fb8-bd9c-2760c2f94717): [4, 0, 1, 5], Tile (00530403-0415-4000-8cc9-d955a8f32a3f): [6, 0, 2, 4], Tile (b8a7ae6b-b4b1-45e5-bc3e-7831ee21f902): [6, 2, 0, 4], Tile (5faa7252-144e-41a5-aa82-821d40c9e912): [7, 2, 1, 4], Tile (da5304b8-9040-4028-b12a-40c84b12d8fe): [6, 3, 0, 5], Tile (5168901d-2102-47aa-bb4c-8176b9ef1bf8): [6, 3, 0, 5], Tile (2a678426-a2bd-4307-8d33-dea967910171): [7, 3, 1, 4], Tile (f3a7eed9-8043-4ed4-91f3-098185ae543d): [6, 2, 0, 5]]
Board (9): [Tile (5168901d-2102-47aa-bb4c-8176b9ef1bf8): [5, 6, 3, 0], Tile (b8a7ae6b-b4b1-45e5-bc3e-7831ee21f902): [4, 6, 2, 0], Tile (f3bd4b90-9af7-4917-b437-3a357f653eec): [5, 7, 1, 3], Tile (2a678426-a2bd-4307-8d33-dea967910171): [4, 7, 3, 1], Tile (5faa7252-144e-41a5-aa82-821d40c9e912): [4, 7, 2, 1], Tile (7c9b9a93-0794-4fb8-bd9c-2760c2f94717): [5, 4, 0, 1], Tile (f3a7eed9-8043-4ed4-91f3-098185ae543d): [5, 6, 2, 0], Tile (da5304b8-9040-4028-b12a-40c84b12d8fe): [5, 6, 3, 0], Tile (00530403-0415-4000-8cc9-d955a8f32a3f): [4, 6, 0, 2]]
Board (9): [Tile (00530403-0415-4000-8cc9-d955a8f32a3f): [0, 2, 4, 6], Tile (5168901d-2102-47aa-bb4c-8176b9ef1bf8): [3, 0, 5, 6], Tile (f3a7eed9-8043-4ed4-91f3-098185ae543d): [2, 0, 5, 6], Tile (7c9b9a93-0794-4fb8-bd9c-2760c2f94717): [0, 1, 5, 4], Tile (5faa7252-144e-41a5-aa82-821d40c9e912): [2, 1, 4, 7], Tile (2a678426-a2bd-4307-8d33-dea967910171): [3, 1, 4, 7], Tile (f3bd4b90-9af7-4917-b437-3a357f653eec): [1, 3, 5, 7], Tile (b8a7ae6b-b4b1-45e5-bc3e-7831ee21f902): [2, 0, 4, 6], Tile (da5304b8-9040-4028-b12a-40c84b12d8fe): [3, 0, 5, 6]]
Answers:  8
